0 info it worked if it ends with ok
1 verbose cli [ 'C:\\Program Files\\nodejs\\node.exe',
1 verbose cli   'C:\\Program Files\\nodejs\\node_modules\\npm\\bin\\npm-cli.js',
1 verbose cli   'install',
1 verbose cli   'jwt' ]
2 info using npm@3.10.10
3 info using node@v6.10.0
4 silly loadCurrentTree Starting
5 silly install loadCurrentTree
6 silly install readLocalPackageData
7 silly fetchPackageMetaData jwt
8 silly fetchNamedPackageData jwt
9 silly mapToRegistry name jwt
10 silly mapToRegistry using default registry
11 silly mapToRegistry registry https://registry.npmjs.org/
12 silly mapToRegistry data Result {
12 silly mapToRegistry   raw: 'jwt',
12 silly mapToRegistry   scope: null,
12 silly mapToRegistry   escapedName: 'jwt',
12 silly mapToRegistry   name: 'jwt',
12 silly mapToRegistry   rawSpec: '',
12 silly mapToRegistry   spec: 'latest',
12 silly mapToRegistry   type: 'tag' }
13 silly mapToRegistry uri https://registry.npmjs.org/jwt
14 verbose request uri https://registry.npmjs.org/jwt
15 verbose request no auth needed
16 info attempt registry request try #1 at 7:54:31 PM
17 verbose request id b16d9a1993f008f0
18 verbose etag W/"5953aba7-1477"
19 verbose lastModified Wed, 28 Jun 2017 13:14:15 GMT
20 http request GET https://registry.npmjs.org/jwt
21 http 304 https://registry.npmjs.org/jwt
22 verbose headers { date: 'Fri, 30 Jun 2017 14:24:39 GMT',
22 verbose headers   via: '1.1 varnish',
22 verbose headers   'cache-control': 'max-age=300',
22 verbose headers   etag: 'W/"5953aba7-1477"',
22 verbose headers   age: '0',
22 verbose headers   connection: 'keep-alive',
22 verbose headers   'x-served-by': 'cache-cdg8727-CDG',
22 verbose headers   'x-cache': 'MISS',
22 verbose headers   'x-cache-hits': '0',
22 verbose headers   'x-timer': 'S1498832680.685231,VS0,VE19',
22 verbose headers   vary: 'Accept-Encoding' }
23 silly get cb [ 304,
23 silly get   { date: 'Fri, 30 Jun 2017 14:24:39 GMT',
23 silly get     via: '1.1 varnish',
23 silly get     'cache-control': 'max-age=300',
23 silly get     etag: 'W/"5953aba7-1477"',
23 silly get     age: '0',
23 silly get     connection: 'keep-alive',
23 silly get     'x-served-by': 'cache-cdg8727-CDG',
23 silly get     'x-cache': 'MISS',
23 silly get     'x-cache-hits': '0',
23 silly get     'x-timer': 'S1498832680.685231,VS0,VE19',
23 silly get     vary: 'Accept-Encoding' } ]
24 verbose etag https://registry.npmjs.org/jwt from cache
25 verbose get saving jwt to C:\Users\Argon\AppData\Roaming\npm-cache\registry.npmjs.org\jwt\.cache.json
26 verbose correctMkdir C:\Users\Argon\AppData\Roaming\npm-cache correctMkdir not in flight; initializing
27 silly install normalizeTree
28 silly loadCurrentTree Finishing
29 silly loadIdealTree Starting
30 silly install loadIdealTree
31 silly cloneCurrentTree Starting
32 silly install cloneCurrentTreeToIdealTree
33 silly cloneCurrentTree Finishing
34 silly loadShrinkwrap Starting
35 silly install loadShrinkwrap
36 silly loadShrinkwrap Finishing
37 silly loadAllDepsIntoIdealTree Starting
38 silly install loadAllDepsIntoIdealTree
39 silly resolveWithNewModule jwt@0.2.0 checking installable status
40 silly cache add args [ 'jwt', null ]
41 verbose cache add spec jwt
42 silly cache add parsed spec Result {
42 silly cache add   raw: 'jwt',
42 silly cache add   scope: null,
42 silly cache add   escapedName: 'jwt',
42 silly cache add   name: 'jwt',
42 silly cache add   rawSpec: '',
42 silly cache add   spec: 'latest',
42 silly cache add   type: 'tag' }
43 silly addNamed jwt@latest
44 verbose addNamed "latest" is being treated as a dist-tag for jwt
45 info addNameTag [ 'jwt', 'latest' ]
46 silly mapToRegistry name jwt
47 silly mapToRegistry using default registry
48 silly mapToRegistry registry https://registry.npmjs.org/
49 silly mapToRegistry data Result {
49 silly mapToRegistry   raw: 'jwt',
49 silly mapToRegistry   scope: null,
49 silly mapToRegistry   escapedName: 'jwt',
49 silly mapToRegistry   name: 'jwt',
49 silly mapToRegistry   rawSpec: '',
49 silly mapToRegistry   spec: 'latest',
49 silly mapToRegistry   type: 'tag' }
50 silly mapToRegistry uri https://registry.npmjs.org/jwt
51 verbose addNameTag registry:https://registry.npmjs.org/jwt not in flight; fetching
52 verbose get https://registry.npmjs.org/jwt not expired, no request
53 silly addNameTag next cb for jwt with tag latest
54 silly addNamed jwt@0.2.0
55 verbose addNamed "0.2.0" is a plain semver version for jwt
56 silly cache afterAdd jwt@0.2.0
57 verbose afterAdd C:\Users\Argon\AppData\Roaming\npm-cache\jwt\0.2.0\package\package.json not in flight; writing
58 verbose correctMkdir C:\Users\Argon\AppData\Roaming\npm-cache correctMkdir not in flight; initializing
59 verbose afterAdd C:\Users\Argon\AppData\Roaming\npm-cache\jwt\0.2.0\package\package.json written
60 silly fetchNamedPackageData node-base64
61 silly mapToRegistry name node-base64
62 silly mapToRegistry using default registry
63 silly mapToRegistry registry https://registry.npmjs.org/
64 silly mapToRegistry data Result {
64 silly mapToRegistry   raw: 'node-base64',
64 silly mapToRegistry   scope: null,
64 silly mapToRegistry   escapedName: 'node-base64',
64 silly mapToRegistry   name: 'node-base64',
64 silly mapToRegistry   rawSpec: '',
64 silly mapToRegistry   spec: 'latest',
64 silly mapToRegistry   type: 'tag' }
65 silly mapToRegistry uri https://registry.npmjs.org/node-base64
66 verbose request uri https://registry.npmjs.org/node-base64
67 verbose request no auth needed
68 info attempt registry request try #1 at 7:54:32 PM
69 verbose etag W/"4da8b857-40a"
70 verbose lastModified Fri, 15 Apr 2011 21:27:51 GMT
71 http request GET https://registry.npmjs.org/node-base64
72 http 304 https://registry.npmjs.org/node-base64
73 verbose headers { date: 'Fri, 30 Jun 2017 14:24:39 GMT',
73 verbose headers   via: '1.1 varnish',
73 verbose headers   'cache-control': 'max-age=300',
73 verbose headers   etag: 'W/"4da8b857-40a"',
73 verbose headers   age: '0',
73 verbose headers   connection: 'keep-alive',
73 verbose headers   'x-served-by': 'cache-cdg8727-CDG',
73 verbose headers   'x-cache': 'MISS',
73 verbose headers   'x-cache-hits': '0',
73 verbose headers   'x-timer': 'S1498832680.967492,VS0,VE15',
73 verbose headers   vary: 'Accept-Encoding' }
74 silly get cb [ 304,
74 silly get   { date: 'Fri, 30 Jun 2017 14:24:39 GMT',
74 silly get     via: '1.1 varnish',
74 silly get     'cache-control': 'max-age=300',
74 silly get     etag: 'W/"4da8b857-40a"',
74 silly get     age: '0',
74 silly get     connection: 'keep-alive',
74 silly get     'x-served-by': 'cache-cdg8727-CDG',
74 silly get     'x-cache': 'MISS',
74 silly get     'x-cache-hits': '0',
74 silly get     'x-timer': 'S1498832680.967492,VS0,VE15',
74 silly get     vary: 'Accept-Encoding' } ]
75 verbose etag https://registry.npmjs.org/node-base64 from cache
76 verbose get saving node-base64 to C:\Users\Argon\AppData\Roaming\npm-cache\registry.npmjs.org\node-base64\.cache.json
77 verbose correctMkdir C:\Users\Argon\AppData\Roaming\npm-cache correctMkdir not in flight; initializing
78 silly resolveWithNewModule node-base64@0.0.1 checking installable status
79 silly cache add args [ 'node-base64@0.0.1', null ]
80 verbose cache add spec node-base64@0.0.1
81 silly cache add parsed spec Result {
81 silly cache add   raw: 'node-base64@0.0.1',
81 silly cache add   scope: null,
81 silly cache add   escapedName: 'node-base64',
81 silly cache add   name: 'node-base64',
81 silly cache add   rawSpec: '0.0.1',
81 silly cache add   spec: '0.0.1',
81 silly cache add   type: 'version' }
82 silly addNamed node-base64@0.0.1
83 verbose addNamed "0.0.1" is a plain semver version for node-base64
84 silly mapToRegistry name node-base64
85 silly mapToRegistry using default registry
86 silly mapToRegistry registry https://registry.npmjs.org/
87 silly mapToRegistry data Result {
87 silly mapToRegistry   raw: 'node-base64',
87 silly mapToRegistry   scope: null,
87 silly mapToRegistry   escapedName: 'node-base64',
87 silly mapToRegistry   name: 'node-base64',
87 silly mapToRegistry   rawSpec: '',
87 silly mapToRegistry   spec: 'latest',
87 silly mapToRegistry   type: 'tag' }
88 silly mapToRegistry uri https://registry.npmjs.org/node-base64
89 verbose addNameVersion registry:https://registry.npmjs.org/node-base64 not in flight; fetching
90 verbose get https://registry.npmjs.org/node-base64 not expired, no request
91 silly cache afterAdd node-base64@0.0.1
92 verbose afterAdd C:\Users\Argon\AppData\Roaming\npm-cache\node-base64\0.0.1\package\package.json not in flight; writing
93 verbose correctMkdir C:\Users\Argon\AppData\Roaming\npm-cache correctMkdir not in flight; initializing
94 verbose afterAdd C:\Users\Argon\AppData\Roaming\npm-cache\node-base64\0.0.1\package\package.json written
95 silly loadAllDepsIntoIdealTree Finishing
96 silly loadIdealTree Finishing
97 silly currentTree backend@1.0.0
97 silly currentTree +-- accepts@1.3.3
97 silly currentTree +-- angular-chart.js@1.1.1
97 silly currentTree +-- angular-route@1.6.4
97 silly currentTree +-- angular@1.6.4
97 silly currentTree +-- array-flatten@1.1.1
97 silly currentTree +-- async@2.1.4
97 silly currentTree +-- bluebird@2.10.2
97 silly currentTree +-- body-parser@1.17.2
97 silly currentTree +-- bson@1.0.4
97 silly currentTree +-- buffer-shims@1.0.0
97 silly currentTree +-- bytes@2.4.0
97 silly currentTree +-- chart.js@2.3.0
97 silly currentTree +-- chartjs-color-string@0.4.0
97 silly currentTree +-- chartjs-color@2.1.0
97 silly currentTree +-- color-convert@0.5.3
97 silly currentTree +-- color-name@1.1.2
97 silly currentTree +-- content-disposition@0.5.2
97 silly currentTree +-- content-type@1.0.2
97 silly currentTree +-- cookie-signature@1.0.6
97 silly currentTree +-- cookie@0.3.1
97 silly currentTree +-- core-util-is@1.0.2
97 silly currentTree +-- debug@2.6.7
97 silly currentTree +-- depd@1.1.0
97 silly currentTree +-- destroy@1.0.4
97 silly currentTree +-- ee-first@1.1.1
97 silly currentTree +-- encodeurl@1.0.1
97 silly currentTree +-- es6-promise@3.2.1
97 silly currentTree +-- escape-html@1.0.3
97 silly currentTree +-- etag@1.8.0
97 silly currentTree +-- express@4.15.3
97 silly currentTree +-- finalhandler@1.0.3
97 silly currentTree +-- forwarded@0.1.0
97 silly currentTree +-- fresh@0.5.0
97 silly currentTree +-- hooks-fixed@2.0.0
97 silly currentTree +-- http-errors@1.6.1
97 silly currentTree +-- iconv-lite@0.4.15
97 silly currentTree +-- inherits@2.0.3
97 silly currentTree +-- ipaddr.js@1.3.0
97 silly currentTree +-- isarray@1.0.0
97 silly currentTree +-- jquery@3.2.1
97 silly currentTree +-- kareem@1.4.1
97 silly currentTree +-- lodash@4.17.4
97 silly currentTree +-- media-typer@0.3.0
97 silly currentTree +-- merge-descriptors@1.0.1
97 silly currentTree +-- methods@1.1.2
97 silly currentTree +-- mime-db@1.27.0
97 silly currentTree +-- mime-types@2.1.15
97 silly currentTree +-- mime@1.3.4
97 silly currentTree +-- moment@2.18.1
97 silly currentTree +-- mongodb-core@2.1.11
97 silly currentTree +-- mongodb@2.2.27
97 silly currentTree +-- mongoose@4.10.7
97 silly currentTree +-- mpath@0.3.0
97 silly currentTree +-- mpromise@0.5.5
97 silly currentTree +-- mquery@2.3.1
97 silly currentTree | +-- debug@2.6.8
97 silly currentTree | `-- sliced@0.0.5
97 silly currentTree +-- ms@2.0.0
97 silly currentTree +-- muri@1.2.1
97 silly currentTree +-- negotiator@0.6.1
97 silly currentTree +-- nodemailer@4.0.1
97 silly currentTree +-- on-finished@2.3.0
97 silly currentTree +-- parseurl@1.3.1
97 silly currentTree +-- path-to-regexp@0.1.7
97 silly currentTree +-- process-nextick-args@1.0.7
97 silly currentTree +-- proxy-addr@1.1.4
97 silly currentTree +-- qs@6.4.0
97 silly currentTree +-- range-parser@1.2.0
97 silly currentTree +-- raw-body@2.2.0
97 silly currentTree +-- readable-stream@2.2.7
97 silly currentTree +-- regexp-clone@0.0.1
97 silly currentTree +-- require_optional@1.0.1
97 silly currentTree +-- resolve-from@2.0.0
97 silly currentTree +-- safe-buffer@5.0.1
97 silly currentTree +-- semver@5.3.0
97 silly currentTree +-- send@0.15.3
97 silly currentTree +-- serve-static@1.12.3
97 silly currentTree +-- setprototypeof@1.0.3
97 silly currentTree +-- sliced@1.0.1
97 silly currentTree +-- statuses@1.3.1
97 silly currentTree +-- string_decoder@1.0.2
97 silly currentTree +-- type-is@1.6.15
97 silly currentTree +-- unpipe@1.0.0
97 silly currentTree +-- util-deprecate@1.0.2
97 silly currentTree +-- utils-merge@1.0.0
97 silly currentTree `-- vary@1.1.1
98 silly idealTree backend@1.0.0
98 silly idealTree +-- accepts@1.3.3
98 silly idealTree +-- angular-chart.js@1.1.1
98 silly idealTree +-- angular-route@1.6.4
98 silly idealTree +-- angular@1.6.4
98 silly idealTree +-- array-flatten@1.1.1
98 silly idealTree +-- async@2.1.4
98 silly idealTree +-- bluebird@2.10.2
98 silly idealTree +-- body-parser@1.17.2
98 silly idealTree +-- bson@1.0.4
98 silly idealTree +-- buffer-shims@1.0.0
98 silly idealTree +-- bytes@2.4.0
98 silly idealTree +-- chart.js@2.3.0
98 silly idealTree +-- chartjs-color-string@0.4.0
98 silly idealTree +-- chartjs-color@2.1.0
98 silly idealTree +-- color-convert@0.5.3
98 silly idealTree +-- color-name@1.1.2
98 silly idealTree +-- content-disposition@0.5.2
98 silly idealTree +-- content-type@1.0.2
98 silly idealTree +-- cookie-signature@1.0.6
98 silly idealTree +-- cookie@0.3.1
98 silly idealTree +-- core-util-is@1.0.2
98 silly idealTree +-- debug@2.6.7
98 silly idealTree +-- depd@1.1.0
98 silly idealTree +-- destroy@1.0.4
98 silly idealTree +-- ee-first@1.1.1
98 silly idealTree +-- encodeurl@1.0.1
98 silly idealTree +-- es6-promise@3.2.1
98 silly idealTree +-- escape-html@1.0.3
98 silly idealTree +-- etag@1.8.0
98 silly idealTree +-- express@4.15.3
98 silly idealTree +-- finalhandler@1.0.3
98 silly idealTree +-- forwarded@0.1.0
98 silly idealTree +-- fresh@0.5.0
98 silly idealTree +-- hooks-fixed@2.0.0
98 silly idealTree +-- http-errors@1.6.1
98 silly idealTree +-- iconv-lite@0.4.15
98 silly idealTree +-- inherits@2.0.3
98 silly idealTree +-- ipaddr.js@1.3.0
98 silly idealTree +-- isarray@1.0.0
98 silly idealTree +-- jquery@3.2.1
98 silly idealTree +-- jwt@0.2.0
98 silly idealTree +-- kareem@1.4.1
98 silly idealTree +-- lodash@4.17.4
98 silly idealTree +-- media-typer@0.3.0
98 silly idealTree +-- merge-descriptors@1.0.1
98 silly idealTree +-- methods@1.1.2
98 silly idealTree +-- mime-db@1.27.0
98 silly idealTree +-- mime-types@2.1.15
98 silly idealTree +-- mime@1.3.4
98 silly idealTree +-- moment@2.18.1
98 silly idealTree +-- mongodb-core@2.1.11
98 silly idealTree +-- mongodb@2.2.27
98 silly idealTree +-- mongoose@4.10.7
98 silly idealTree +-- mpath@0.3.0
98 silly idealTree +-- mpromise@0.5.5
98 silly idealTree +-- mquery@2.3.1
98 silly idealTree | +-- debug@2.6.8
98 silly idealTree | `-- sliced@0.0.5
98 silly idealTree +-- ms@2.0.0
98 silly idealTree +-- muri@1.2.1
98 silly idealTree +-- negotiator@0.6.1
98 silly idealTree +-- node-base64@0.0.1
98 silly idealTree +-- nodemailer@4.0.1
98 silly idealTree +-- on-finished@2.3.0
98 silly idealTree +-- parseurl@1.3.1
98 silly idealTree +-- path-to-regexp@0.1.7
98 silly idealTree +-- process-nextick-args@1.0.7
98 silly idealTree +-- proxy-addr@1.1.4
98 silly idealTree +-- qs@6.4.0
98 silly idealTree +-- range-parser@1.2.0
98 silly idealTree +-- raw-body@2.2.0
98 silly idealTree +-- readable-stream@2.2.7
98 silly idealTree +-- regexp-clone@0.0.1
98 silly idealTree +-- require_optional@1.0.1
98 silly idealTree +-- resolve-from@2.0.0
98 silly idealTree +-- safe-buffer@5.0.1
98 silly idealTree +-- semver@5.3.0
98 silly idealTree +-- send@0.15.3
98 silly idealTree +-- serve-static@1.12.3
98 silly idealTree +-- setprototypeof@1.0.3
98 silly idealTree +-- sliced@1.0.1
98 silly idealTree +-- statuses@1.3.1
98 silly idealTree +-- string_decoder@1.0.2
98 silly idealTree +-- type-is@1.6.15
98 silly idealTree +-- unpipe@1.0.0
98 silly idealTree +-- util-deprecate@1.0.2
98 silly idealTree +-- utils-merge@1.0.0
98 silly idealTree `-- vary@1.1.1
99 silly generateActionsToTake Starting
100 silly install generateActionsToTake
101 silly generateActionsToTake Finishing
102 silly diffTrees action count 2
103 silly diffTrees add node-base64@0.0.1
104 silly diffTrees add jwt@0.2.0
105 silly decomposeActions action count 16
106 silly decomposeActions fetch node-base64@0.0.1
107 silly decomposeActions extract node-base64@0.0.1
108 silly decomposeActions test node-base64@0.0.1
109 silly decomposeActions preinstall node-base64@0.0.1
110 silly decomposeActions build node-base64@0.0.1
111 silly decomposeActions install node-base64@0.0.1
112 silly decomposeActions postinstall node-base64@0.0.1
113 silly decomposeActions finalize node-base64@0.0.1
114 silly decomposeActions fetch jwt@0.2.0
115 silly decomposeActions extract jwt@0.2.0
116 silly decomposeActions test jwt@0.2.0
117 silly decomposeActions preinstall jwt@0.2.0
118 silly decomposeActions build jwt@0.2.0
119 silly decomposeActions install jwt@0.2.0
120 silly decomposeActions postinstall jwt@0.2.0
121 silly decomposeActions finalize jwt@0.2.0
122 silly runTopLevelLifecycles Starting
123 silly executeActions Starting
124 silly install executeActions
125 silly doSerial global-install 0
126 silly doParallel fetch 2
127 verbose correctMkdir C:\Users\Argon\AppData\Roaming\npm-cache\_locks correctMkdir not in flight; initializing
128 verbose lock using C:\Users\Argon\AppData\Roaming\npm-cache\_locks\staging-41d8b08af30932d1.lock for D:\monkey\afproject\backend\node_modules\.staging
129 silly doParallel extract 2
130 silly extract node-base64@0.0.1
131 silly extract jwt@0.2.0
132 verbose unbuild node_modules\.staging\node-base64-197f5cf3
133 verbose unbuild node_modules\.staging\jwt-328bece0
134 silly gentlyRm D:\monkey\afproject\backend\node_modules\.staging\node-base64-197f5cf3 is being purged from base D:\monkey\afproject\backend
135 verbose gentlyRm don't care about contents; nuking D:\monkey\afproject\backend\node_modules\.staging\node-base64-197f5cf3
136 silly gentlyRm D:\monkey\afproject\backend\node_modules\.staging\jwt-328bece0 is being purged from base D:\monkey\afproject\backend
137 verbose gentlyRm don't care about contents; nuking D:\monkey\afproject\backend\node_modules\.staging\jwt-328bece0
138 verbose tar unpack C:\Users\Argon\AppData\Roaming\npm-cache\node-base64\0.0.1\package.tgz
139 verbose tar unpacking to D:\monkey\afproject\backend\node_modules\.staging\node-base64-197f5cf3
140 silly gentlyRm D:\monkey\afproject\backend\node_modules\.staging\node-base64-197f5cf3 is being purged
141 verbose gentlyRm don't care about contents; nuking D:\monkey\afproject\backend\node_modules\.staging\node-base64-197f5cf3
142 verbose tar unpack C:\Users\Argon\AppData\Roaming\npm-cache\jwt\0.2.0\package.tgz
143 verbose tar unpacking to D:\monkey\afproject\backend\node_modules\.staging\jwt-328bece0
144 silly gentlyRm D:\monkey\afproject\backend\node_modules\.staging\jwt-328bece0 is being purged
145 verbose gentlyRm don't care about contents; nuking D:\monkey\afproject\backend\node_modules\.staging\jwt-328bece0
146 silly gunzTarPerm modes [ '777', '666' ]
147 silly gunzTarPerm modes [ '777', '666' ]
148 silly gunzTarPerm extractEntry .npmignore
149 silly gunzTarPerm modified mode [ '.npmignore', 420, 438 ]
150 silly gunzTarPerm extractEntry
151 silly gunzTarPerm modified mode [ '', 493, 511 ]
152 silly gunzTarPerm extractEntry lib/
153 silly gunzTarPerm modified mode [ 'lib/', 493, 511 ]
154 silly gunzTarPerm extractEntry lib/jwt.js
155 silly gunzTarPerm modified mode [ 'lib/jwt.js', 420, 438 ]
156 silly gunzTarPerm extractEntry .gitignore
157 silly gunzTarPerm modified mode [ '.gitignore', 420, 438 ]
158 silly gunzTarPerm extractEntry base64.cc
159 silly gunzTarPerm modified mode [ 'base64.cc', 420, 438 ]
160 silly gunzTarPerm extractEntry install.sh
161 silly gunzTarPerm modified mode [ 'install.sh', 493, 511 ]
162 silly gunzTarPerm extractEntry js_base64_for_comparsion.js
163 silly gunzTarPerm modified mode [ 'js_base64_for_comparsion.js', 420, 438 ]
164 silly gunzTarPerm extractEntry makefile
165 silly gunzTarPerm modified mode [ 'makefile', 420, 438 ]
166 silly gunzTarPerm extractEntry package.json
167 silly gunzTarPerm modified mode [ 'package.json', 420, 438 ]
168 silly gunzTarPerm extractEntry README.md
169 silly gunzTarPerm modified mode [ 'README.md', 420, 438 ]
170 silly gunzTarPerm extractEntry package.json
171 silly gunzTarPerm modified mode [ 'package.json', 420, 438 ]
172 silly gunzTarPerm extractEntry README.md
173 silly gunzTarPerm modified mode [ 'README.md', 420, 438 ]
174 silly gunzTarPerm extractEntry test.js
175 silly gunzTarPerm modified mode [ 'test.js', 420, 438 ]
176 silly gunzTarPerm extractEntry test.php
177 silly gunzTarPerm modified mode [ 'test.php', 420, 438 ]
178 silly gunzTarPerm extractEntry wscript
179 silly gunzTarPerm modified mode [ 'wscript', 493, 511 ]
180 silly gentlyRm D:\monkey\afproject\backend\node_modules\.staging\jwt-328bece0\node_modules is being purged
181 verbose gentlyRm don't care about contents; nuking D:\monkey\afproject\backend\node_modules\.staging\jwt-328bece0\node_modules
182 silly gentlyRm D:\monkey\afproject\backend\node_modules\.staging\node-base64-197f5cf3\node_modules is being purged
183 verbose gentlyRm don't care about contents; nuking D:\monkey\afproject\backend\node_modules\.staging\node-base64-197f5cf3\node_modules
184 silly doParallel preinstall 2
185 silly preinstall node-base64@0.0.1 D:\monkey\afproject\backend\node_modules\.staging\node-base64-197f5cf3
186 info lifecycle node-base64@0.0.1~preinstall: node-base64@0.0.1
187 silly preinstall jwt@0.2.0 D:\monkey\afproject\backend\node_modules\.staging\jwt-328bece0
188 info lifecycle jwt@0.2.0~preinstall: jwt@0.2.0
189 silly lifecycle node-base64@0.0.1~preinstall: no script for preinstall, continuing
190 silly lifecycle jwt@0.2.0~preinstall: no script for preinstall, continuing
191 silly doReverseSerial remove 0
192 silly doSerial move 0
193 silly doSerial finalize 2
194 silly finalize D:\monkey\afproject\backend\node_modules\node-base64
195 silly finalize D:\monkey\afproject\backend\node_modules\jwt
196 silly doSerial build 2
197 silly build node-base64@0.0.1
198 info linkStuff node-base64@0.0.1
199 silly linkStuff node-base64@0.0.1 has D:\monkey\afproject\backend\node_modules as its parent node_modules
200 verbose linkBins node-base64@0.0.1
201 verbose linkMans node-base64@0.0.1
202 silly build jwt@0.2.0
203 info linkStuff jwt@0.2.0
204 silly linkStuff jwt@0.2.0 has D:\monkey\afproject\backend\node_modules as its parent node_modules
205 verbose linkBins jwt@0.2.0
206 verbose linkMans jwt@0.2.0
207 silly doSerial global-link 0
208 silly doParallel update-linked 0
209 silly doSerial install 2
210 silly install node-base64@0.0.1 D:\monkey\afproject\backend\node_modules\.staging\node-base64-197f5cf3
211 info lifecycle node-base64@0.0.1~install: node-base64@0.0.1
212 verbose lifecycle node-base64@0.0.1~install: unsafe-perm in lifecycle true
213 verbose lifecycle node-base64@0.0.1~install: PATH: C:\Program Files\nodejs\node_modules\npm\bin\node-gyp-bin;D:\monkey\afproject\backend\node_modules\node-base64\node_modules\.bin;D:\monkey\afproject\backend\node_modules\.bin;C:\Users\Argon\bin;C:\Program Files\Git\mingw64\bin;C:\Program Files\Git\usr\local\bin;C:\Program Files\Git\usr\bin;C:\Program Files\Git\usr\bin;C:\Program Files\Git\mingw64\bin;C:\Program Files\Git\usr\bin;C:\Users\Argon\bin;C:\ProgramData\Oracle\Java\javapath;C:\Program Files (x86)\Intel\iCLS Client;C:\Program Files\Intel\iCLS Client;C:\Windows\system32;C:\Windows;C:\Windows\System32\Wbem;C:\Windows\System32\WindowsPowerShell\v1.0;C:\Program Files (x86)\Intel\Intel(R) Management Engine Components\DAL;C:\Program Files\Intel\Intel(R) Management Engine Components\DAL;C:\Program Files (x86)\Intel\Intel(R) Management Engine Components\IPT;C:\Program Files\Intel\Intel(R) Management Engine Components\IPT;C:\Program Files (x86)\NVIDIA Corporation\PhysX\Common;C:\Program Files\Git\cmd;C:\Program Files\nodejs;C:\Windows\system32\config\systemprofile\.dnx\bin;C:\Program Files\Microsoft DNX\Dnvm;C:\Program Files (x86)\Windows Kits\8.1\Windows Performance Toolkit;C:\Program Files\Microsoft SQL Server\130\Tools\Binn;C:\Users\Argon\AppData\Roaming\npm;C:\Program Files (x86)\Microsoft VS Code\bin;C:\Program Files\MongoDB\Server\3.4\bin;C:\Program Files\Java\jdk1.8.0_131\bin;C:\Program Files\Git\usr\bin\vendor_perl;C:\Program Files\Git\usr\bin\core_perl
214 verbose lifecycle node-base64@0.0.1~install: CWD: D:\monkey\afproject\backend\node_modules\node-base64
215 silly lifecycle node-base64@0.0.1~install: Args: [ '/d /s /c', './install.sh' ]
216 silly lifecycle node-base64@0.0.1~install: Returned: code: 1  signal: null
217 info lifecycle node-base64@0.0.1~install: Failed to exec install script
218 verbose unlock done using C:\Users\Argon\AppData\Roaming\npm-cache\_locks\staging-41d8b08af30932d1.lock for D:\monkey\afproject\backend\node_modules\.staging
219 silly rollbackFailedOptional Starting
220 silly rollbackFailedOptional Finishing
221 silly runTopLevelLifecycles Finishing
222 silly install printInstalled
223 warn backend@1.0.0 No repository field.
224 verbose If you need help, you may report this error at:
224 verbose     <https://github.com/npm/npm/issues>
225 verbose stack Error: node-base64@0.0.1 install: `./install.sh`
225 verbose stack Exit status 1
225 verbose stack     at EventEmitter.<anonymous> (C:\Program Files\nodejs\node_modules\npm\lib\utils\lifecycle.js:255:16)
225 verbose stack     at emitTwo (events.js:106:13)
225 verbose stack     at EventEmitter.emit (events.js:191:7)
225 verbose stack     at ChildProcess.<anonymous> (C:\Program Files\nodejs\node_modules\npm\lib\utils\spawn.js:40:14)
225 verbose stack     at emitTwo (events.js:106:13)
225 verbose stack     at ChildProcess.emit (events.js:191:7)
225 verbose stack     at maybeClose (internal/child_process.js:877:16)
225 verbose stack     at Process.ChildProcess._handle.onexit (internal/child_process.js:226:5)
226 verbose pkgid node-base64@0.0.1
227 verbose cwd D:\monkey\afproject\backend
228 error Windows_NT 10.0.10240
229 error argv "C:\\Program Files\\nodejs\\node.exe" "C:\\Program Files\\nodejs\\node_modules\\npm\\bin\\npm-cli.js" "install" "jwt"
230 error node v6.10.0
231 error npm  v3.10.10
232 error code ELIFECYCLE
233 error node-base64@0.0.1 install: `./install.sh`
233 error Exit status 1
234 error Failed at the node-base64@0.0.1 install script './install.sh'.
234 error Make sure you have the latest version of node.js and npm installed.
234 error If you do, this is most likely a problem with the node-base64 package,
234 error not with npm itself.
234 error Tell the author that this fails on your system:
234 error     ./install.sh
234 error You can get information on how to open an issue for this project with:
234 error     npm bugs node-base64
234 error Or if that isn't available, you can get their info via:
234 error     npm owner ls node-base64
234 error There is likely additional logging output above.
235 verbose exit [ 1, true ]
